<?xml version="1.0" encoding="UTF-8"?>
<!-- Generated by org.testng.reporters.JUnitXMLReporter -->
<testsuite ignored="0" hostname="LAPTOP-CJRNS43V" failures="2" tests="8" name="Test" time="22.869" errors="0" timestamp="2022-12-03T16:21:35 SAST">
  <testcase classname="ui.LoginTest" name="test1" time="0.012"/>
  <testcase classname="ui.LoginTest" name="test2" time="0.017"/>
  <testcase classname="ui.GroupsDemoTest" name="test1" time="0.007"/>
  <testcase classname="ui.GroupsDemoTest" name="test2" time="0.006"/>
  <testcase classname="ui.GroupsDemoTest" name="test3" time="0.01"/>
  <testcase classname="ui.GroupsDemoTest" name="test4" time="0.004"/>
  <testcase classname="ui.VerifyTitleTest" name="titleTest" time="11.254">
    <failure type="java.lang.AssertionError" message="expected [Electronics, xxxxxCars, Fashion, Collectibles &amp;amp; More | eBay] but found [Electronics, Cars, Fashion, Collectibles &amp;amp; More | eBay]">
      <![CDATA[java.lang.AssertionError: expected [Electronics, xxxxxCars, Fashion, Collectibles & More | eBay] but found [Electronics, Cars, Fashion, Collectibles & More | eBay]
at ui.VerifyTitleTest.titleTest(VerifyTitleTest.java:29)
at java.base/java.util.ArrayList.forEach(ArrayList.java:1511)
... Removed 34 stack frames]]>
    </failure>
  </testcase> <!-- titleTest -->
  <testcase classname="ui.VerifyTitleAndTextTest" name="titleAndTextTest" time="11.347">
    <failure type="java.lang.AssertionError" message="The following asserts failed:
	Title verification failed expected [Electronics, rrrtCars, Fashion, Collectibles &amp;amp; More | eBay] but found [Electronics, Cars, Fashion, Collectibles &amp;amp; More | eBay],
	Text verification failed expected [xxxxSearch] but found [Search]">
      <![CDATA[java.lang.AssertionError: The following asserts failed:
Title verification failed expected [Electronics, rrrtCars, Fashion, Collectibles & More | eBay] but found [Electronics, Cars, Fashion, Collectibles & More | eBay],
Text verification failed expected [xxxxSearch] but found [Search]
at ui.VerifyTitleAndTextTest.titleAndTextTest(VerifyTitleAndTextTest.java:50)
at java.base/java.util.ArrayList.forEach(ArrayList.java:1511)
... Removed 30 stack frames]]>
    </failure>
  </testcase> <!-- titleAndTextTest -->
</testsuite> <!-- Test -->
